2021-10-16 18:14:26,083 INFO :: This message only shows basic information
2021-10-16 18:14:26,083 WARNING :: This message is about something you should pay attention to
2021-10-16 18:14:26,084 ERROR :: This message helps to debug an error that occurred in your program
2021-10-16 18:14:57,448 INFO :: This message only shows basic information
2021-10-16 18:14:57,448 WARNING :: This message is about something you should pay attention to
2021-10-16 18:14:57,449 ERROR :: This message helps to debug an error that occurred in your program
2021-10-16 18:15:23,009 DEBUG :: This message is important only when debugging the program
2021-10-16 18:15:23,009 INFO :: This message only shows basic information
2021-10-16 18:15:23,010 WARNING :: This message is about something you should pay attention to
2021-10-16 18:15:23,010 ERROR :: This message helps to debug an error that occurred in your program
2021-10-16 18:19:20,590 DEBUG :: This message is important only when debugging the program
2021-10-16 18:19:20,591 INFO :: This message only shows basic information
2021-10-16 18:19:20,591 WARNING :: This message is about something you should pay attention to
2021-10-16 18:19:20,591 ERROR :: This message helps to debug an error that occurred in your program
2021-10-16 18:19:20,591 INFO :: Hello from the Binance connector
2021-10-16 18:28:52,458 INFO :: This is logged in all cases
2021-10-16 19:18:37,212 INFO :: This is logged in all cases
2021-10-16 19:18:37,220 DEBUG :: Starting new HTTPS connection (1): www.bitmex.com:443
2021-10-16 19:18:38,227 DEBUG :: https://www.bitmex.com:443 "GET /api/v1/instrument/active HTTP/1.1" 200 None
2021-10-16 19:19:04,875 INFO :: This is logged in all cases
2021-10-16 19:19:04,887 DEBUG :: Starting new HTTPS connection (1): www.bitmex.com:443
2021-10-16 19:19:05,787 DEBUG :: https://www.bitmex.com:443 "GET /api/v1/instrument/active HTTP/1.1" 200 None
2021-10-16 19:20:38,706 INFO :: This is logged in all cases
2021-10-16 19:20:38,735 DEBUG :: Starting new HTTPS connection (1): www.bitmex.com:443
2021-10-16 19:20:39,682 DEBUG :: https://www.bitmex.com:443 "GET /api/v1/instrument/active HTTP/1.1" 200 None
2021-10-16 19:21:45,991 INFO :: This is logged in all cases
2021-10-16 19:21:46,008 DEBUG :: Starting new HTTPS connection (1): www.bitmex.com:443
2021-10-16 19:21:47,007 DEBUG :: https://www.bitmex.com:443 "GET /api/v1/instrument/active HTTP/1.1" 200 None
2021-10-16 19:22:10,344 INFO :: This is logged in all cases
2021-10-16 19:22:10,351 DEBUG :: Starting new HTTPS connection (1): www.bitmex.com:443
2021-10-16 19:22:11,287 DEBUG :: https://www.bitmex.com:443 "GET /api/v1/instrument/active HTTP/1.1" 200 None
2021-10-16 19:22:29,413 INFO :: This is logged in all cases
2021-10-16 19:22:29,421 DEBUG :: Starting new HTTPS connection (1): www.bitmex.com:443
2021-10-16 19:22:30,461 DEBUG :: https://www.bitmex.com:443 "GET /api/v1/instrument/active HTTP/1.1" 200 None
2021-10-16 19:25:26,336 INFO :: This is logged in all cases
2021-10-16 19:25:26,344 DEBUG :: Starting new HTTPS connection (1): www.bitmex.com:443
2021-10-16 19:25:27,293 DEBUG :: https://www.bitmex.com:443 "GET /api/v1/instrument/active HTTP/1.1" 200 None
2021-10-16 19:26:30,078 INFO :: This is logged in all cases
2021-10-16 19:26:30,093 DEBUG :: Starting new HTTPS connection (1): www.bitmex.com:443
2021-10-16 19:26:31,034 DEBUG :: https://www.bitmex.com:443 "GET /api/v1/instrument/active HTTP/1.1" 200 None
2021-10-16 19:27:11,458 INFO :: This is logged in all cases
2021-10-16 19:27:11,466 DEBUG :: Starting new HTTPS connection (1): www.bitmex.com:443
2021-10-16 19:27:12,384 DEBUG :: https://www.bitmex.com:443 "GET /api/v1/instrument/active HTTP/1.1" 200 None
2021-10-16 19:30:39,793 INFO :: This is logged in all cases
2021-10-16 19:30:39,801 DEBUG :: Starting new HTTPS connection (1): www.bitmex.com:443
2021-10-16 19:30:40,734 DEBUG :: https://www.bitmex.com:443 "GET /api/v1/instrument/active HTTP/1.1" 200 None
2021-10-16 19:31:53,338 INFO :: This is logged in all cases
2021-10-16 19:31:53,345 DEBUG :: Starting new HTTPS connection (1): www.bitmex.com:443
2021-10-16 19:31:54,334 DEBUG :: https://www.bitmex.com:443 "GET /api/v1/instrument/active HTTP/1.1" 200 None
2021-10-16 20:44:35,733 INFO :: This is logged in all cases
2021-10-16 20:44:35,734 INFO :: Binance Future Client Successfully Initialized
2021-10-16 20:45:31,113 INFO :: This is logged in all cases
2021-10-16 20:45:31,113 INFO :: Binance Future Client Successfully Initialized
2021-10-16 20:45:31,123 DEBUG :: Starting new HTTPS connection (1): testnet.binancefuture.com:443
2021-10-16 20:45:34,813 DEBUG :: https://testnet.binancefuture.com:443 "GET /fapi/v1/exchangeInfo HTTP/1.1" 200 None
2021-10-16 20:46:27,647 INFO :: This is logged in all cases
2021-10-16 20:46:27,647 INFO :: Binance Future Client Successfully Initialized
2021-10-16 20:46:44,125 INFO :: This is logged in all cases
2021-10-16 20:46:44,126 INFO :: Binance Future Client Successfully Initialized
2021-10-16 20:46:44,133 DEBUG :: Starting new HTTPS connection (1): testnet.binancefuture.com:443
2021-10-16 20:46:45,021 DEBUG :: https://testnet.binancefuture.com:443 "GET /fapi/v1/ticker/bookTicker?symbol=BTCUSDT HTTP/1.1" 200 None
2021-10-16 20:47:24,145 INFO :: This is logged in all cases
2021-10-16 20:47:24,145 INFO :: Binance Future Client Successfully Initialized
2021-10-16 20:48:02,221 INFO :: This is logged in all cases
2021-10-16 20:48:02,221 INFO :: Binance Future Client Successfully Initialized
2021-10-16 20:48:02,228 DEBUG :: Starting new HTTPS connection (1): testnet.binancefuture.com:443
2021-10-16 20:48:02,869 DEBUG :: https://testnet.binancefuture.com:443 "GET /fapi/v1/klines?symbol=BTCUSDT&interval=1h&limit=1000 HTTP/1.1" 200 None
2021-10-16 21:50:20,963 INFO :: This is logged in all cases
2021-10-16 21:50:20,963 INFO :: Binance Future Client Successfully Initialized
2021-10-16 22:03:38,782 INFO :: This is logged in all cases
2021-10-16 22:03:38,782 INFO :: Binance Future Client Successfully Initialized
2021-10-16 22:06:02,006 INFO :: This is logged in all cases
2021-10-16 22:06:02,006 INFO :: Binance Future Client Successfully Initialized
2021-10-16 22:08:20,560 INFO :: This is logged in all cases
2021-10-16 22:08:20,560 INFO :: Binance Future Client Successfully Initialized
2021-10-16 22:13:04,767 INFO :: This is logged in all cases
2021-10-16 22:13:04,767 INFO :: Binance Futures Client Successfully Initialized
2021-10-16 22:20:59,895 INFO :: Binance Futures Client Successfully Initialized
2021-10-16 22:21:09,761 INFO :: Binance Futures Client Successfully Initialized
2021-10-16 22:24:14,152 INFO :: Binance Futures Client Successfully Initialized
2021-10-16 22:24:14,162 DEBUG :: Starting new HTTPS connection (1): testnet.binancefuture.com:443
2021-10-16 22:24:15,153 DEBUG :: https://testnet.binancefuture.com:443 "GET /fapi/v1/account?timestamp=1634433854152&signature=3a518098c94a7e3f949630368d497dfb7ac061521831c7ed6af7116ab5bf6732 HTTP/1.1" 200 None
2021-10-16 22:41:22,482 INFO :: Binance Futures Client Successfully Initialized
2021-10-16 22:41:22,497 DEBUG :: Starting new HTTPS connection (1): testnet.binancefuture.com:443
2021-10-16 22:41:23,412 DEBUG :: https://testnet.binancefuture.com:443 "GET /fapi/v1/account?timestamp=1634434882482&signature=429107c42bb4c6981de3ce2c6a6156647a7dd037876d7ab09d1c46747782a444 HTTP/1.1" 200 None
2021-10-16 22:41:23,421 DEBUG :: Starting new HTTPS connection (1): testnet.binancefuture.com:443
2021-10-16 22:41:29,140 DEBUG :: https://testnet.binancefuture.com:443 "POST /fapi/v1/order?symbol=BTCUSDT&side=BUY&quantity=0.01&type=LIMIT&price=20000&timeInForce=GTC&timestamp=1634434883417&signature=b71f1321d4310c29529c99505339d4b821be6dc2315240b213a61e3fbc302c64 HTTP/1.1" 400 79
2021-10-16 22:41:29,144 ERROR :: Error making POST request to /fapi/v1/order: {'code': -1021, 'msg': 'Timestamp for this request is outside of the recvWindow.'} (error code 400)
2021-10-16 22:42:48,793 INFO :: Binance Futures Client Successfully Initialized
2021-10-16 22:42:48,801 DEBUG :: Starting new HTTPS connection (1): testnet.binancefuture.com:443
2021-10-16 22:42:49,789 DEBUG :: https://testnet.binancefuture.com:443 "GET /fapi/v1/account?timestamp=1634434968794&signature=bad6f03906b657562b35ba4b1aa3fc21cd9682f7464ea6eb6d2cc51ca23437ae HTTP/1.1" 200 None
2021-10-16 22:42:49,799 DEBUG :: Starting new HTTPS connection (1): testnet.binancefuture.com:443
2021-10-16 22:42:50,905 DEBUG :: https://testnet.binancefuture.com:443 "POST /fapi/v1/order?symbol=BTCUSDT&side=BUY&quantity=0.01&type=LIMIT&price=20000&timeInForce=GTC&timestamp=1634434969794&signature=f737dbc587a8ee1667e6ffbbe1ddc3105fcde6b53741e408137a492096fa86df HTTP/1.1" 200 None
2021-10-16 22:45:30,584 INFO :: Binance Futures Client Successfully Initialized
2021-10-16 22:45:30,593 DEBUG :: Starting new HTTPS connection (1): testnet.binancefuture.com:443
2021-10-16 22:45:31,063 DEBUG :: https://testnet.binancefuture.com:443 "GET /fapi/v1/account?timestamp=1634435130584&signature=b0defbba72436b1d9997589e06f7579c1742928a29d030c682f0c4c6fe120cc9 HTTP/1.1" 200 None
2021-10-16 22:45:31,073 DEBUG :: Starting new HTTPS connection (1): testnet.binancefuture.com:443
2021-10-16 22:45:35,396 DEBUG :: https://testnet.binancefuture.com:443 "GET /fapi/v1/order?timestamp=1634435131068&symbol=BTCUSDT&orderid=2848426087&signature=193236a96633f440d1e7b6d8e1dc968fbaac27d5470149d30e48f0c714ae1d49 HTTP/1.1" 200 None
2021-10-16 22:47:31,135 INFO :: Binance Futures Client Successfully Initialized
2021-10-16 22:47:31,144 DEBUG :: Starting new HTTPS connection (1): testnet.binancefuture.com:443
2021-10-16 22:47:32,118 DEBUG :: https://testnet.binancefuture.com:443 "GET /fapi/v1/account?timestamp=1634435251136&signature=c50ad59e7132cfe7025ee299bca6878507ecf02738254cf7c9905bb0db3b1464 HTTP/1.1" 200 None
2021-10-16 22:47:32,128 DEBUG :: Starting new HTTPS connection (1): testnet.binancefuture.com:443
2021-10-16 22:47:32,980 DEBUG :: https://testnet.binancefuture.com:443 "DELETE /fapi/v1/order?orderId=2848426087&symbol=BTCUSDT&timestamp=1634435252124&signature=9f9689583f5bdf5d606316369628f9947f9be8a874040e7856986e0cfef6109f HTTP/1.1" 200 None
2021-10-16 23:08:13,244 INFO :: Binance connection opened
2021-10-16 23:23:32,968 INFO :: Binance connection opened
2021-10-16 23:23:51,114 INFO :: Binance connection opened
2021-10-16 23:29:54,228 INFO :: Binance connection opened
2021-10-16 23:31:26,002 ERROR :: Binance connection error: 
2021-10-16 23:31:26,306 WARNING :: Binance connection closed
2021-10-16 23:31:26,316 INFO :: Binance Futures Client Successfully Initialized
2021-10-17 01:31:05,940 DEBUG :: Starting new HTTPS connection (1): testnet.binancefuture.com:443
2021-10-17 01:31:16,393 DEBUG :: https://testnet.binancefuture.com:443 "GET /fapi/v1/exchangeInfo HTTP/1.1" 200 None
2021-10-17 01:31:16,407 DEBUG :: Starting new HTTPS connection (1): testnet.binancefuture.com:443
2021-10-17 01:31:17,254 DEBUG :: https://testnet.binancefuture.com:443 "GET /fapi/v1/account?timestamp=1634445076403&signature=dc644b8199170b861f8e2948008cc1f044ea174e61070521adbfed85aa45b9a7 HTTP/1.1" 200 None
2021-10-17 01:33:29,189 DEBUG :: Starting new HTTPS connection (1): testnet.binancefuture.com:443
2021-10-17 01:33:30,086 DEBUG :: https://testnet.binancefuture.com:443 "GET /fapi/v1/exchangeInfo HTTP/1.1" 200 None
2021-10-17 01:33:30,101 DEBUG :: Starting new HTTPS connection (1): testnet.binancefuture.com:443
2021-10-17 01:33:30,425 DEBUG :: https://testnet.binancefuture.com:443 "GET /fapi/v1/account?timestamp=1634445210096&signature=434a7ebdb07bd188fb4824daecc61b2b783f4098bb7f8c0121679990daa2fd45 HTTP/1.1" 200 None
2021-10-17 01:33:31,639 INFO :: Binance connection opened
2021-10-17 01:34:49,319 ERROR :: Binance connection error: 
2021-10-17 01:34:49,615 WARNING :: Binance connection closed
2021-10-17 01:34:52,817 INFO :: Binance connection opened
2021-10-17 01:37:32,045 DEBUG :: Starting new HTTPS connection (1): testnet.binancefuture.com:443
2021-10-17 01:37:32,908 DEBUG :: https://testnet.binancefuture.com:443 "GET /fapi/v1/exchangeInfo HTTP/1.1" 200 None
2021-10-17 01:37:32,927 DEBUG :: Starting new HTTPS connection (1): testnet.binancefuture.com:443
2021-10-17 01:37:33,790 DEBUG :: https://testnet.binancefuture.com:443 "GET /fapi/v1/account?timestamp=1634445452923&signature=a754a99391e1e5ee892d900f3e6532037d210aaf56f926b48ff73a65eac43f1d HTTP/1.1" 200 None
2021-10-17 01:37:34,999 INFO :: Binance connection opened
2021-10-17 01:37:42,020 ERROR :: Binance connection error: 
2021-10-17 01:37:42,311 WARNING :: Binance connection closed
2021-10-17 01:56:57,643 DEBUG :: Starting new HTTPS connection (1): testnet.binancefuture.com:443
2021-10-17 01:56:58,519 DEBUG :: https://testnet.binancefuture.com:443 "GET /fapi/v1/exchangeInfo HTTP/1.1" 200 None
2021-10-17 01:56:58,533 DEBUG :: Starting new HTTPS connection (1): testnet.binancefuture.com:443
2021-10-17 01:56:59,378 DEBUG :: https://testnet.binancefuture.com:443 "GET /fapi/v1/account?timestamp=1634446618528&signature=6be17ed9db1222115cd39d86f654d21b38b32e6551b243b58372fa8f32840fd7 HTTP/1.1" 200 None
2021-10-17 01:57:00,844 INFO :: Binance connection opened
2021-10-17 01:57:18,529 ERROR :: Binance connection error: 
2021-10-17 01:57:18,827 WARNING :: Binance connection closed
2021-10-17 02:00:00,029 DEBUG :: Starting new HTTPS connection (1): testnet.binancefuture.com:443
2021-10-17 02:00:00,944 DEBUG :: https://testnet.binancefuture.com:443 "GET /fapi/v1/exchangeInfo HTTP/1.1" 200 None
2021-10-17 02:00:00,961 DEBUG :: Starting new HTTPS connection (1): testnet.binancefuture.com:443
2021-10-17 02:00:01,867 DEBUG :: https://testnet.binancefuture.com:443 "GET /fapi/v1/account?timestamp=1634446800957&signature=94871f15feebfc5a1426409caf10b89c8d0c73e21d9294d84ebccb771d436e79 HTTP/1.1" 200 None
2021-10-17 02:00:03,124 INFO :: Binance connection opened
2021-10-17 02:00:21,230 ERROR :: Binance connection error: 
2021-10-17 02:00:21,521 WARNING :: Binance connection closed
2021-10-17 02:00:24,710 INFO :: Binance connection opened
2021-10-17 02:19:38,637 DEBUG :: Starting new HTTPS connection (1): testnet.binancefuture.com:443
2021-10-17 02:19:39,536 DEBUG :: https://testnet.binancefuture.com:443 "GET /fapi/v1/exchangeInfo HTTP/1.1" 200 None
2021-10-17 02:19:39,551 DEBUG :: Starting new HTTPS connection (1): testnet.binancefuture.com:443
2021-10-17 02:19:40,395 DEBUG :: https://testnet.binancefuture.com:443 "GET /fapi/v1/account?timestamp=1634447979547&signature=67aa1144b71d6877fc5d8f72aa9661a70f9d29ac1b792ce9785cb707a64d8cdf HTTP/1.1" 200 None
2021-10-17 02:19:41,600 INFO :: Binance connection opened
2021-10-17 02:19:41,600 ERROR :: Websocket error while subscribing to 140 bookTicker updates: 'BinanceFuturesClient' object has no attribute 'ws'
2021-10-17 02:20:04,984 DEBUG :: Starting new HTTPS connection (1): testnet.binancefuture.com:443
2021-10-17 02:20:05,836 DEBUG :: https://testnet.binancefuture.com:443 "GET /fapi/v1/exchangeInfo HTTP/1.1" 200 None
2021-10-17 02:20:05,850 DEBUG :: Starting new HTTPS connection (1): testnet.binancefuture.com:443
2021-10-17 02:20:06,681 DEBUG :: https://testnet.binancefuture.com:443 "GET /fapi/v1/account?timestamp=1634448005845&signature=5f0e6012c9e284f40dbd61087af56219d6780f8ee014d489bd63192ab0231c67 HTTP/1.1" 200 None
2021-10-17 02:20:07,882 INFO :: Binance connection opened
2021-10-17 02:20:07,883 ERROR :: Websocket error while subscribing to 140 bookTicker updates: 'BinanceFuturesClient' object has no attribute 'ws'
2021-10-17 02:20:54,023 DEBUG :: Starting new HTTPS connection (1): testnet.binancefuture.com:443
2021-10-17 02:20:56,544 DEBUG :: https://testnet.binancefuture.com:443 "GET /fapi/v1/exchangeInfo HTTP/1.1" 200 None
2021-10-17 02:20:56,559 DEBUG :: Starting new HTTPS connection (1): testnet.binancefuture.com:443
2021-10-17 02:20:57,648 DEBUG :: https://testnet.binancefuture.com:443 "GET /fapi/v1/account?timestamp=1634448056554&signature=ef174e5ad8e2cf5adff07f28613ee52007fdd650be72ebeef1a3dee53077ef54 HTTP/1.1" 200 None
2021-10-17 02:20:58,884 INFO :: Binance connection opened
2021-10-17 02:21:13,817 ERROR :: Binance connection error: 
2021-10-17 02:21:14,116 WARNING :: Binance connection closed
2021-10-17 02:21:17,337 INFO :: Binance connection opened
2021-10-17 02:35:43,745 DEBUG :: Starting new HTTPS connection (1): testnet.binancefuture.com:443
2021-10-17 02:35:44,631 DEBUG :: https://testnet.binancefuture.com:443 "GET /fapi/v1/exchangeInfo HTTP/1.1" 200 None
2021-10-17 02:35:44,644 DEBUG :: Starting new HTTPS connection (1): testnet.binancefuture.com:443
2021-10-17 02:35:44,995 DEBUG :: https://testnet.binancefuture.com:443 "GET /fapi/v1/account?timestamp=1634448944640&signature=e9da3f4f1a10b94918bb781bba4be5c09cf188ebf6df69e43eae703a6062996f HTTP/1.1" 200 None
2021-10-17 02:35:46,218 INFO :: Binance connection opened
2021-10-17 02:36:04,411 ERROR :: Binance connection error: 
2021-10-17 02:36:04,704 WARNING :: Binance connection closed
2021-10-17 09:59:55,367 INFO :: Binance Futures Client successfully initialized
2021-10-17 09:59:56,603 INFO :: Binance connection opened
2021-10-17 09:59:57,511 INFO :: Bitmex Client successfully initialized
2021-10-17 10:03:24,846 INFO :: Binance Futures Client successfully initialized
2021-10-17 10:03:26,177 INFO :: Binance connection opened
2021-10-17 10:03:29,066 INFO :: Bitmex Client successfully initialized
2021-10-17 10:04:47,049 INFO :: Binance Futures Client successfully initialized
2021-10-17 10:04:48,249 INFO :: Binance connection opened
2021-10-17 10:04:49,140 INFO :: Bitmex Client successfully initialized
2021-10-17 10:06:34,006 INFO :: Binance Futures Client successfully initialized
2021-10-17 10:06:35,258 INFO :: Binance connection opened
2021-10-17 10:06:36,121 INFO :: Bitmex Client successfully initialized
2021-10-17 10:13:45,507 INFO :: Binance Futures Client successfully initialized
2021-10-17 10:13:46,734 INFO :: Binance connection opened
2021-10-17 10:13:47,705 INFO :: Bitmex Client successfully initialized
2021-10-17 10:30:51,966 INFO :: Binance Futures Client successfully initialized
2021-10-17 10:30:53,194 INFO :: Binance connection opened
2021-10-17 10:30:54,058 INFO :: Bitmex Client successfully initialized
2021-10-17 10:38:06,902 INFO :: Binance Futures Client successfully initialized
2021-10-17 10:38:08,072 INFO :: Binance connection opened
2021-10-17 10:38:08,979 INFO :: Bitmex Client successfully initialized
2021-10-17 10:43:46,701 INFO :: Binance Futures Client successfully initialized
2021-10-17 10:43:47,896 INFO :: Binance connection opened
2021-10-17 10:43:48,755 INFO :: Bitmex Client successfully initialized
2021-10-17 10:48:09,806 INFO :: Binance Futures Client successfully initialized
2021-10-17 10:48:11,028 INFO :: Binance connection opened
2021-10-17 10:48:11,860 INFO :: Bitmex Client successfully initialized
2021-10-17 10:48:35,288 INFO :: Binance Futures Client successfully initialized
2021-10-17 10:48:36,568 INFO :: Binance connection opened
2021-10-17 10:48:37,390 INFO :: Bitmex Client successfully initialized
2021-10-17 11:26:17,400 INFO :: Binance Futures Client successfully initialized
2021-10-17 11:26:18,644 INFO :: Binance connection opened
2021-10-17 11:26:19,508 INFO :: Bitmex Client successfully initialized
2021-10-17 11:26:20,501 INFO :: Bitmex connection opened
2021-10-17 11:26:32,780 ERROR :: error from callback <bound method BitmexClient._on_message of <connectors.bitmex.BitmexClient object at 0x000002067F4E7460>>: unsupported operand type(s) for +: 'float' and 'str'
2021-10-17 11:26:32,784 ERROR :: error from callback <bound method BitmexClient._on_message of <connectors.bitmex.BitmexClient object at 0x000002067F4E7460>>: unsupported operand type(s) for +: 'float' and 'str'
2021-10-17 11:26:32,817 ERROR :: error from callback <bound method BitmexClient._on_message of <connectors.bitmex.BitmexClient object at 0x000002067F4E7460>>: unsupported operand type(s) for +: 'float' and 'str'
2021-10-17 11:26:32,832 ERROR :: error from callback <bound method BitmexClient._on_message of <connectors.bitmex.BitmexClient object at 0x000002067F4E7460>>: unsupported operand type(s) for +: 'float' and 'str'
2021-10-17 11:26:32,833 ERROR :: error from callback <bound method BitmexClient._on_message of <connectors.bitmex.BitmexClient object at 0x000002067F4E7460>>: unsupported operand type(s) for +: 'float' and 'str'
2021-10-17 11:26:32,834 ERROR :: error from callback <bound method BitmexClient._on_message of <connectors.bitmex.BitmexClient object at 0x000002067F4E7460>>: unsupported operand type(s) for +: 'float' and 'str'
2021-10-17 11:26:32,873 ERROR :: error from callback <bound method BitmexClient._on_message of <connectors.bitmex.BitmexClient object at 0x000002067F4E7460>>: unsupported operand type(s) for +: 'float' and 'str'
2021-10-17 11:26:33,621 ERROR :: error from callback <bound method BitmexClient._on_message of <connectors.bitmex.BitmexClient object at 0x000002067F4E7460>>: unsupported operand type(s) for +: 'float' and 'str'
2021-10-17 11:26:35,924 ERROR :: error from callback <bound method BitmexClient._on_message of <connectors.bitmex.BitmexClient object at 0x000002067F4E7460>>: unsupported operand type(s) for +: 'float' and 'str'
2021-10-17 11:27:18,620 INFO :: Binance Futures Client successfully initialized
2021-10-17 11:27:20,337 INFO :: Binance connection opened
2021-10-17 11:27:20,998 INFO :: Bitmex Client successfully initialized
2021-10-17 11:27:22,017 INFO :: Bitmex connection opened
2021-10-17 11:27:25,041 INFO :: XBTUSD 60804.5 / 60853
2021-10-17 11:27:25,424 INFO :: XBTUSD 60804.5 / 60853
2021-10-17 11:27:31,427 INFO :: XBTUSD 60804.5 / 60853
2021-10-17 11:27:33,618 INFO :: XBTUSD 60804.5 / 60853
2021-10-17 11:27:34,122 INFO :: XBTUSD 60804.5 / 60853
2021-10-17 11:27:35,944 INFO :: XBTUSD 60804.5 / 60853
2021-10-17 11:27:40,434 INFO :: XBTUSD 60804.5 / 60853
2021-10-17 11:27:44,119 INFO :: XBTUSD 60836.5 / 60838.5
2021-10-17 11:27:46,127 INFO :: XBTUSD 60836.5 / 60838.5
2021-10-17 11:27:46,424 INFO :: XBTUSD 60836.5 / 60838.5
2021-10-17 11:27:48,137 INFO :: XBTUSD 60836.5 / 60838.5
2021-10-17 11:27:49,117 INFO :: XBTUSD 60836.5 / 60838.5
2021-10-17 11:27:50,917 INFO :: XBTUSD 60836.5 / 60838.5
2021-10-17 11:27:54,117 INFO :: XBTUSD 60836.5 / 60837
2021-10-17 11:27:55,424 INFO :: XBTUSD 60836.5 / 60837
2021-10-17 12:09:12,240 INFO :: Binance Futures Client successfully initialized
2021-10-17 12:09:13,463 INFO :: Binance connection opened
2021-10-17 12:09:14,318 INFO :: Bitmex Client successfully initialized
2021-10-17 12:09:15,313 INFO :: Bitmex connection opened
2021-10-17 12:09:23,984 INFO :: XBTUSD 60916.5 / 60920
2021-10-17 12:09:23,985 INFO :: XBTUSD 60916.5 / 60920
2021-10-17 12:09:23,987 INFO :: XBTUSD 60910 / 60923.5
2021-10-17 12:09:24,035 INFO :: XBTUSD 60910 / 60923.5
2021-10-17 12:09:24,118 INFO :: XBTUSD 60910 / 60923.5
2021-10-17 12:09:24,731 INFO :: XBTUSD 60910 / 60923.5
2021-10-17 12:09:25,421 INFO :: XBTUSD 60910 / 60923.5
2021-10-17 12:09:26,102 INFO :: XBTUSD 60910 / 60923.5
2021-10-17 12:09:26,899 INFO :: XBTUSD 60910 / 60923.5
2021-10-17 12:09:28,125 INFO :: XBTUSD 60910 / 60923.5
2021-10-17 12:09:29,116 INFO :: XBTUSD 60910 / 60923.5
2021-10-17 12:09:29,117 INFO :: XBTUSD 60770 / 60813
2021-10-17 12:09:31,411 INFO :: XBTUSD 60770 / 60813
2021-10-17 12:09:33,622 INFO :: XBTUSD 60770 / 60813
2021-10-17 12:09:35,908 INFO :: XBTUSD 60770 / 60813
2021-10-17 12:09:36,106 INFO :: XBTUSD 60770 / 60813
2021-10-17 12:09:36,732 INFO :: XBTUSD 60770 / 60813
2021-10-17 12:09:37,400 INFO :: XBTUSD 60770 / 60813
2021-10-17 12:09:38,129 INFO :: XBTUSD 60770 / 60813
2021-10-17 12:09:39,107 INFO :: XBTUSD 60770 / 60813
2021-10-17 12:09:39,110 INFO :: XBTUSD 60766.5 / 60793
2021-10-17 12:09:39,250 INFO :: XBTUSD 60766.5 / 60793
2021-10-17 12:09:39,539 INFO :: XBTUSD 60766.5 / 60793
2021-10-17 12:09:40,405 INFO :: XBTUSD 60766.5 / 60793
2021-10-17 12:10:16,302 INFO :: Binance Futures Client successfully initialized
2021-10-17 12:10:17,528 INFO :: Binance connection opened
2021-10-17 12:10:18,366 INFO :: Bitmex Client successfully initialized
2021-10-17 12:10:19,384 INFO :: Bitmex connection opened
2021-10-17 12:10:27,254 INFO :: XBTUSD 60749 / 60749.5
2021-10-17 12:10:27,256 INFO :: XBTUSD 60749 / 60749.5
2021-10-17 12:10:27,297 INFO :: XBTUSD 60749 / 60749.5
2021-10-17 12:10:31,420 INFO :: XBTUSD 60749 / 60749.5
2021-10-17 12:10:33,614 INFO :: XBTUSD 60749 / 60749.5
2021-10-17 12:10:35,919 INFO :: XBTUSD 60749 / 60749.5
2021-10-17 12:10:40,410 INFO :: XBTUSD 60749 / 60749.5
2021-10-17 14:01:39,855 INFO :: Binance Futures Client successfully initialized
2021-10-17 14:01:41,087 INFO :: Binance connection opened
2021-10-17 14:01:41,919 INFO :: Bitmex Client successfully initialized
2021-10-17 14:01:42,967 INFO :: Bitmex connection opened
2021-10-17 14:01:49,280 INFO :: XBTUSD 60992.5 / 61015
2021-10-17 14:01:49,282 INFO :: XBTUSD 60992.5 / 61015
2021-10-17 14:01:49,294 INFO :: XBTUSD 61014.5 / 61015
2021-10-17 14:01:50,901 INFO :: XBTUSD 61014.5 / 61015
2021-10-17 14:01:54,092 INFO :: XBTUSD 61014.5 / 61015
2021-10-17 14:01:55,390 INFO :: XBTUSD 61014.5 / 61015
2021-10-17 14:01:59,105 INFO :: XBTUSD 61014.5 / 61015
2021-10-17 14:02:01,393 INFO :: XBTUSD 61014.5 / 61015
2021-10-17 14:02:03,610 INFO :: XBTUSD 61014.5 / 61015
2021-10-17 14:02:05,935 INFO :: XBTUSD 61014.5 / 61015
2021-10-17 14:02:10,403 INFO :: XBTUSD 61014.5 / 61015
2021-10-17 14:02:16,389 INFO :: XBTUSD 61014.5 / 61015
2021-10-17 14:02:19,100 INFO :: XBTUSD 61021.5 / 61022
2021-10-17 14:02:20,899 INFO :: XBTUSD 61021.5 / 61022
2021-10-17 14:02:25,590 INFO :: XBTUSD 61021.5 / 61022
2021-10-17 14:02:31,389 INFO :: XBTUSD 61021.5 / 61022
2021-10-17 14:02:33,594 INFO :: XBTUSD 61021.5 / 61022
2021-10-17 14:02:34,091 INFO :: XBTUSD 61021.5 / 61022
2021-10-17 14:02:35,895 INFO :: XBTUSD 61021.5 / 61022
2021-10-17 14:02:39,090 INFO :: XBTUSD 61021.5 / 61022
2021-10-17 14:02:40,406 INFO :: XBTUSD 61021.5 / 61022
2021-10-17 14:02:44,096 INFO :: XBTUSD 61021.5 / 61022
2021-10-17 14:02:46,391 INFO :: XBTUSD 61021.5 / 61022
2021-10-17 14:02:48,788 INFO :: XBTUSD 61021.5 / 61022
2021-10-17 14:02:49,094 INFO :: XBTUSD 61021.5 / 61022
2021-10-17 14:02:49,095 INFO :: XBTUSD 61010 / 61033.5
2021-10-17 14:02:50,890 INFO :: XBTUSD 61010 / 61033.5
2021-10-17 14:02:53,108 INFO :: XBTUSD 61010 / 61033.5
2021-10-17 14:02:54,091 INFO :: XBTUSD 61020.5 / 61021
2021-10-17 14:02:55,387 INFO :: XBTUSD 61020.5 / 61021
2021-10-17 14:03:01,388 INFO :: XBTUSD 61020.5 / 61021
2021-10-17 14:03:03,604 INFO :: XBTUSD 61020.5 / 61021
2021-10-17 14:03:05,890 INFO :: XBTUSD 61020.5 / 61021
2021-10-17 14:03:10,394 INFO :: XBTUSD 61020.5 / 61021
2021-10-17 14:03:17,011 INFO :: XBTUSD 61020.5 / 61021
2021-10-17 14:03:17,011 INFO :: XBTUSD 61020.5 / 61021
2021-10-17 14:03:19,116 INFO :: XBTUSD 61020.5 / 61021
2021-10-17 14:03:19,117 INFO :: XBTUSD 61020.5 / 61021
2021-10-17 14:03:20,890 INFO :: XBTUSD 61020.5 / 61021
2021-10-17 14:03:21,631 INFO :: XBTUSD 61020.5 / 61021
2021-10-17 14:03:23,109 INFO :: XBTUSD 61020.5 / 61021
2021-10-17 14:03:24,118 INFO :: XBTUSD 61020.5 / 61021
2021-10-17 14:03:24,119 INFO :: XBTUSD 61020.5 / 61021
2021-10-17 14:03:25,468 INFO :: XBTUSD 61020.5 / 61021
2021-10-17 14:03:29,096 INFO :: XBTUSD 61020.5 / 61021
2021-10-17 14:03:31,396 INFO :: XBTUSD 61020.5 / 61021
2021-10-17 14:03:33,593 INFO :: XBTUSD 61020.5 / 61021
2021-10-17 14:03:34,091 INFO :: XBTUSD 61020.5 / 61021
2021-10-17 14:03:35,895 INFO :: XBTUSD 61020.5 / 61021
2021-10-17 14:03:39,092 INFO :: XBTUSD 61024 / 61024.5
2021-10-17 14:03:40,389 INFO :: XBTUSD 61024 / 61024.5
2021-10-17 14:03:43,750 INFO :: XBTUSD 61024 / 61024.5
2021-10-17 14:03:44,101 INFO :: XBTUSD 61024 / 61024.5
2021-10-17 14:03:44,102 INFO :: XBTUSD 61024 / 61024.5
2021-10-17 14:03:46,398 INFO :: XBTUSD 61024 / 61024.5
2021-10-17 14:03:50,894 INFO :: XBTUSD 61024 / 61024.5
2021-10-17 14:03:54,096 INFO :: XBTUSD 61024 / 61024.5
2021-10-17 14:03:55,399 INFO :: XBTUSD 61024 / 61024.5
2021-10-17 14:04:01,409 INFO :: XBTUSD 61024 / 61024.5
2021-10-17 14:04:03,595 INFO :: XBTUSD 61024 / 61024.5
2021-10-17 14:04:04,099 INFO :: XBTUSD 61024 / 61024.5
2021-10-17 14:04:05,898 INFO :: XBTUSD 61024 / 61024.5
2021-10-17 14:04:09,090 INFO :: XBTUSD 61024 / 61024.5
2021-10-17 14:04:10,484 INFO :: XBTUSD 61024 / 61024.5
2021-10-17 14:04:14,090 INFO :: XBTUSD 61024 / 61024.5
2021-10-17 14:04:16,395 INFO :: XBTUSD 61024 / 61024.5
2021-10-17 14:04:19,095 INFO :: XBTUSD 61030.5 / 61031
2021-10-17 14:04:20,906 INFO :: XBTUSD 61030.5 / 61031
2021-10-17 14:04:21,553 INFO :: XBTUSD 61030.5 / 61031
2021-10-17 14:04:21,836 INFO :: XBTUSD 61030.5 / 61031
2021-10-17 14:04:22,382 INFO :: XBTUSD 61030.5 / 61031
2021-10-17 14:04:23,108 INFO :: XBTUSD 61030.5 / 61031
2021-10-17 14:04:24,091 INFO :: XBTUSD 61030.5 / 61031
2021-10-17 14:04:24,093 INFO :: XBTUSD 61038 / 61038.5
2021-10-17 14:04:25,432 INFO :: XBTUSD 61038 / 61038.5
2021-10-17 14:04:31,406 INFO :: XBTUSD 61038 / 61038.5
2021-10-17 14:04:33,600 INFO :: XBTUSD 61038 / 61038.5
2021-10-17 14:04:35,894 INFO :: XBTUSD 61038 / 61038.5
2021-10-17 14:04:40,398 INFO :: XBTUSD 61038 / 61038.5
2021-10-17 14:04:46,391 INFO :: XBTUSD 61038 / 61038.5
2021-10-17 14:04:50,912 INFO :: XBTUSD 61038 / 61038.5
2021-10-17 14:04:54,091 INFO :: XBTUSD 61038 / 61038.5
2021-10-17 14:04:55,391 INFO :: XBTUSD 61038 / 61038.5
2021-10-17 14:05:01,387 INFO :: XBTUSD 61038 / 61038.5
2021-10-17 14:05:05,893 INFO :: XBTUSD 61038 / 61038.5
2021-10-17 14:05:10,401 INFO :: XBTUSD 61038 / 61038.5
2021-10-17 14:05:14,099 INFO :: XBTUSD 61038 / 61038.5
2021-10-17 14:05:15,707 INFO :: XBTUSD 61038 / 61038.5
2021-10-17 14:05:16,391 INFO :: XBTUSD 61038 / 61038.5
2021-10-17 14:05:19,103 INFO :: XBTUSD 61038 / 61038.5
2021-10-17 14:05:19,105 INFO :: XBTUSD 61038 / 61038.5
2021-10-17 14:05:20,908 INFO :: XBTUSD 61038 / 61038.5
2021-10-17 14:05:24,092 INFO :: XBTUSD 61038 / 61038.5
2021-10-17 14:05:25,394 INFO :: XBTUSD 61038 / 61038.5
2021-10-17 14:05:29,091 INFO :: XBTUSD 61023.5 / 61038.5
2021-10-17 14:05:31,407 INFO :: XBTUSD 61023.5 / 61038.5
2021-10-17 14:05:33,593 INFO :: XBTUSD 61023.5 / 61038.5
2021-10-17 14:05:34,092 INFO :: XBTUSD 61036 / 61038.5
2021-10-17 14:05:35,887 INFO :: XBTUSD 61036 / 61038.5
2021-10-17 14:05:40,393 INFO :: XBTUSD 61036 / 61038.5
2021-10-17 14:05:44,091 INFO :: XBTUSD 61023.5 / 61038.5
2021-10-17 14:05:46,390 INFO :: XBTUSD 61023.5 / 61038.5
2021-10-17 14:06:14,946 INFO :: Binance Futures Client successfully initialized
2021-10-17 14:06:16,199 INFO :: Binance connection opened
2021-10-17 14:06:17,728 INFO :: Bitmex Client successfully initialized
2021-10-17 14:06:19,018 INFO :: Bitmex connection opened
2021-10-17 14:06:23,316 INFO :: XBTUSD 60992.5 / 61031.5
2021-10-17 14:06:23,318 INFO :: XBTUSD 60992.5 / 61031.5
2021-10-17 14:06:24,095 INFO :: XBTUSD 60992.5 / 61031.5
2021-10-17 14:06:25,397 INFO :: XBTUSD 60992.5 / 61031.5
2021-10-17 14:06:29,095 INFO :: XBTUSD 60992.5 / 61031.5
2021-10-17 14:06:29,097 INFO :: XBTUSD 61008.5 / 61031.5
2021-10-17 14:06:31,394 INFO :: XBTUSD 61008.5 / 61031.5
2021-10-17 14:06:33,602 INFO :: XBTUSD 61008.5 / 61031.5
2021-10-17 14:06:34,089 INFO :: XBTUSD 61008.5 / 61031.5
2021-10-17 14:06:35,900 INFO :: XBTUSD 61008.5 / 61031.5
2021-10-17 14:06:39,090 INFO :: XBTUSD 61021 / 61031.5
2021-10-17 14:06:40,395 INFO :: XBTUSD 61021 / 61031.5
2021-10-17 14:06:44,091 INFO :: XBTUSD 61008.5 / 61031.5
2021-10-17 14:06:46,387 INFO :: XBTUSD 61008.5 / 61031.5
2021-10-17 14:06:49,089 INFO :: XBTUSD 61031 / 61031.5
2021-10-17 14:06:50,893 INFO :: XBTUSD 61031 / 61031.5
2021-10-17 14:06:53,099 INFO :: XBTUSD 61031 / 61031.5
2021-10-17 14:06:53,107 INFO :: XBTUSD 61031 / 61031.5
2021-10-17 14:19:53,031 INFO :: Binance Futures Client successfully initialized
2021-10-17 14:19:54,312 INFO :: Binance connection opened
2021-10-17 14:19:55,079 INFO :: Bitmex Client successfully initialized
2021-10-17 14:19:56,222 INFO :: Bitmex connection opened
2021-10-17 17:59:53,717 INFO :: Binance Futures Client successfully initialized
2021-10-17 17:59:54,924 INFO :: Binance connection opened
2021-10-17 17:59:55,829 INFO :: Bitmex Client successfully initialized
2021-10-17 17:59:56,931 INFO :: Bitmex connection opened
2021-10-17 18:00:54,871 INFO :: Binance Futures current USDT balance = 100000.0, trade size = 0.017
2021-10-17 18:00:54,871 INFO :: Short signal on BTCUSDT 1m
2021-10-17 18:00:55,801 INFO :: Sell order placed on Binance | Status: new
2021-10-17 18:00:58,785 INFO :: Binance order status: filled
2021-10-17 18:01:05,345 INFO :: Binance New candle for BTCUSDT 1m
2021-10-17 18:02:09,040 INFO :: Binance New candle for BTCUSDT 1m
2021-10-17 18:03:04,112 INFO :: Binance New candle for BTCUSDT 1m
2021-10-17 18:04:02,901 INFO :: Binance New candle for BTCUSDT 1m
2021-10-17 18:07:27,860 INFO :: Binance Futures Client successfully initialized
2021-10-17 18:07:29,080 INFO :: Binance connection opened
2021-10-17 18:07:29,964 INFO :: Bitmex Client successfully initialized
2021-10-17 18:07:30,958 INFO :: Bitmex connection opened
2021-10-17 18:08:02,031 INFO :: Binance New candle for BTCUSDT 1m
2021-10-17 18:09:00,902 INFO :: Binance New candle for BTCUSDT 1m
2021-10-17 18:09:01,901 INFO :: Binance Futures current USDT balance = 99999.59632616, trade size = 0.017
2021-10-17 18:09:01,901 INFO :: Short signal on BTCUSDT 1m
2021-10-17 18:09:02,895 INFO :: Sell order placed on Binance | Status: new
2021-10-17 18:09:02,899 WARNING :: Binance BTCUSDT: 2067 milliseconds of difference between the current time and the trade time
2021-10-17 18:09:05,821 INFO :: Binance order status: filled
2021-10-17 18:09:51,504 INFO :: Stop loss for BTCUSDT 1m
2021-10-17 18:09:51,874 INFO :: Exit order on BTCUSDT 1m placed successfully
2021-10-17 18:09:52,798 INFO :: Binance Futures current USDT balance = 99995.26451367, trade size = 0.017
2021-10-17 18:09:52,799 INFO :: Long signal on BTCUSDT 1m
2021-10-17 18:09:53,918 INFO :: Buy order placed on Binance | Status: new
2021-10-17 18:09:53,924 WARNING :: Binance BTCUSDT: 2490 milliseconds of difference between the current time and the trade time
2021-10-17 18:09:53,926 WARNING :: Binance BTCUSDT: 2492 milliseconds of difference between the current time and the trade time
2021-10-17 18:09:53,930 WARNING :: Binance BTCUSDT: 2132 milliseconds of difference between the current time and the trade time
2021-10-17 18:09:56,883 INFO :: Binance order status: filled
2021-10-17 18:10:03,496 INFO :: Binance New candle for BTCUSDT 1m
2021-10-17 18:10:31,140 INFO :: Take profit for BTCUSDT 1m
2021-10-17 18:10:32,117 INFO :: Exit order on BTCUSDT 1m placed successfully
2021-10-17 18:10:33,041 INFO :: Binance Futures current USDT balance = 99990.92060521, trade size = 0.017
2021-10-17 18:10:33,041 INFO :: Long signal on BTCUSDT 1m
2021-10-17 18:10:33,997 INFO :: Buy order placed on Binance | Status: new
2021-10-17 18:10:34,005 WARNING :: Binance BTCUSDT: 2940 milliseconds of difference between the current time and the trade time
2021-10-17 18:10:34,011 WARNING :: Binance BTCUSDT: 2839 milliseconds of difference between the current time and the trade time
2021-10-17 18:10:34,022 WARNING :: Binance BTCUSDT: 2514 milliseconds of difference between the current time and the trade time
2021-10-17 18:10:34,028 WARNING :: Binance BTCUSDT: 2222 milliseconds of difference between the current time and the trade time
2021-10-17 18:10:34,030 WARNING :: Binance BTCUSDT: 2025 milliseconds of difference between the current time and the trade time
2021-10-17 18:10:34,031 WARNING :: Binance BTCUSDT: 2025 milliseconds of difference between the current time and the trade time
2021-10-17 18:10:36,353 INFO :: Binance order status: filled
2021-10-17 18:11:11,209 INFO :: Binance New candle for BTCUSDT 1m
2021-10-17 18:11:24,487 INFO :: Take profit for BTCUSDT 1m
2021-10-17 18:11:25,392 INFO :: Exit order on BTCUSDT 1m placed successfully
2021-10-17 18:11:26,358 INFO :: Binance Futures current USDT balance = 99990.04561244, trade size = 0.017
2021-10-17 18:11:26,358 INFO :: Long signal on BTCUSDT 1m
2021-10-17 18:11:27,318 INFO :: Buy order placed on Binance | Status: new
2021-10-17 18:11:27,338 WARNING :: Binance BTCUSDT: 2011 milliseconds of difference between the current time and the trade time
2021-10-17 18:11:30,288 INFO :: Binance order status: filled
2021-10-17 18:11:42,269 INFO :: Stop loss for BTCUSDT 1m
2021-10-17 18:11:43,230 INFO :: Exit order on BTCUSDT 1m placed successfully
2021-10-17 18:11:45,160 INFO :: Binance Futures current USDT balance = 99989.21107436, trade size = 0.017
2021-10-17 18:11:45,161 INFO :: Long signal on BTCUSDT 1m
2021-10-17 18:11:46,099 INFO :: Buy order placed on Binance | Status: new
2021-10-17 18:11:46,100 WARNING :: Binance BTCUSDT: 2164 milliseconds of difference between the current time and the trade time
2021-10-17 18:11:48,486 INFO :: Binance order status: filled
2021-10-17 18:11:56,751 INFO :: Stop loss for BTCUSDT 1m
2021-10-17 18:12:06,285 ERROR :: Error while making POST request to /fapi/v1/order: {'code': -1021, 'msg': 'Timestamp for this request is outside of the recvWindow.'} (error code 400)
2021-10-17 18:12:06,285 WARNING :: Binance BTCUSDT: 5278 milliseconds of difference between the current time and the trade time
2021-10-17 18:12:06,286 INFO :: Binance New candle for BTCUSDT 1m
2021-10-17 18:12:06,286 WARNING :: Binance BTCUSDT: 5058 milliseconds of difference between the current time and the trade time
2021-10-17 18:12:06,287 INFO :: Stop loss for BTCUSDT 1m
2021-10-17 18:12:07,217 INFO :: Exit order on BTCUSDT 1m placed successfully
2021-10-17 18:12:09,856 INFO :: Binance Futures current USDT balance = 99987.35367314, trade size = 0.017
2021-10-17 18:12:09,856 INFO :: Long signal on BTCUSDT 1m
2021-10-17 18:12:10,782 INFO :: Buy order placed on Binance | Status: new
2021-10-17 18:12:14,667 INFO :: Binance order status: filled
2021-10-17 18:13:02,254 INFO :: Binance New candle for BTCUSDT 1m
2021-10-17 18:13:04,995 INFO :: Stop loss for BTCUSDT 1m
2021-10-17 18:13:06,112 INFO :: Exit order on BTCUSDT 1m placed successfully
2021-10-17 18:14:01,309 INFO :: Binance New candle for BTCUSDT 1m
2021-10-17 18:14:23,955 INFO :: Binance Futures current USDT balance = 99983.81814744, trade size = 0.017
2021-10-17 18:14:23,956 INFO :: Short signal on BTCUSDT 1m
2021-10-17 18:14:29,473 ERROR :: Error while making POST request to /fapi/v1/order: {'code': -1021, 'msg': 'Timestamp for this request is outside of the recvWindow.'} (error code 400)
2021-10-17 18:14:29,475 WARNING :: Binance BTCUSDT: 6553 milliseconds of difference between the current time and the trade time
2021-10-17 18:14:30,155 INFO :: Binance Futures current USDT balance = 99983.81814744, trade size = 0.017
2021-10-17 18:14:30,156 INFO :: Short signal on BTCUSDT 1m
2021-10-17 18:14:30,522 INFO :: Sell order placed on Binance | Status: new
2021-10-17 18:14:30,523 WARNING :: Binance BTCUSDT: 7562 milliseconds of difference between the current time and the trade time
2021-10-17 18:14:30,524 WARNING :: Binance BTCUSDT: 7563 milliseconds of difference between the current time and the trade time
2021-10-17 18:14:30,524 WARNING :: Binance BTCUSDT: 7563 milliseconds of difference between the current time and the trade time
2021-10-17 18:14:30,525 WARNING :: Binance BTCUSDT: 7564 milliseconds of difference between the current time and the trade time
2021-10-17 18:14:30,527 WARNING :: Binance BTCUSDT: 7566 milliseconds of difference between the current time and the trade time
2021-10-17 18:14:32,944 INFO :: Binance order status: filled
2021-10-17 18:15:08,644 INFO :: Binance New candle for BTCUSDT 1m
2021-10-17 18:16:09,853 INFO :: Binance New candle for BTCUSDT 1m
2021-10-17 22:29:35,485 DEBUG :: Starting new HTTPS connection (1): testnet.binancefuture.com:443
2021-10-17 22:29:36,674 DEBUG :: https://testnet.binancefuture.com:443 "GET /fapi/v1/exchangeInfo HTTP/1.1" 200 None
2021-10-17 22:29:36,689 DEBUG :: Starting new HTTPS connection (1): testnet.binancefuture.com:443
2021-10-17 22:29:37,775 DEBUG :: https://testnet.binancefuture.com:443 "GET /fapi/v1/account?timestamp=1634520576685&signature=af32618cc5ef61c4c39ecebeadece91fceefce2f51b0fb655dd6cbe0ce37ccc3 HTTP/1.1" 401 46
2021-10-17 22:29:37,777 ERROR :: Error while making GET request to /fapi/v1/account: {'code': -2014, 'msg': 'API-key format invalid.'} (error code 401)
2021-10-17 22:29:37,778 INFO :: Binance Futures Client successfully initialized
2021-10-17 22:29:37,782 DEBUG :: Starting new HTTPS connection (1): testnet.bitmex.com:443
2021-10-17 22:29:38,711 DEBUG :: https://testnet.bitmex.com:443 "GET /api/v1/instrument/active HTTP/1.1" 400 59
2021-10-17 22:29:38,715 ERROR :: Error while making GET request to /api/v1/instrument/active: {'error': {'message': 'Missing API key.', 'name': 'HTTPError'}} (error code 400)
2021-10-17 22:29:38,719 DEBUG :: Starting new HTTPS connection (1): testnet.bitmex.com:443
2021-10-17 22:29:38,967 INFO :: Binance connection opened
2021-10-17 22:29:38,967 ERROR :: error from callback <bound method BinanceClient._on_open of <connectors.binance.BinanceClient object at 0x0000024F2322A670>>: 'Contract' object has no attribute 'symbol'
2021-10-17 22:29:39,692 DEBUG :: https://testnet.bitmex.com:443 "GET /api/v1/user/margin?currency=all HTTP/1.1" 400 59
2021-10-17 22:29:39,696 ERROR :: Error while making GET request to /api/v1/user/margin: {'error': {'message': 'Missing API key.', 'name': 'HTTPError'}} (error code 400)
2021-10-17 22:29:39,697 INFO :: Bitmex Client successfully initialized
2021-10-17 22:29:41,001 INFO :: Bitmex connection opened
2021-10-17 22:33:14,556 DEBUG :: Starting new HTTPS connection (1): testnet.binancefuture.com:443
2021-10-17 22:33:19,486 DEBUG :: https://testnet.binancefuture.com:443 "GET /fapi/v1/exchangeInfo HTTP/1.1" 200 None
2021-10-17 22:33:19,499 DEBUG :: Starting new HTTPS connection (1): testnet.binancefuture.com:443
2021-10-17 22:33:20,343 DEBUG :: https://testnet.binancefuture.com:443 "GET /fapi/v1/account?timestamp=1634520799495&signature=29e52dd86b9579674ce04addf3368d3ed7158a61c6f31913a3e46cca8bba3605 HTTP/1.1" 200 None
2021-10-17 22:33:20,349 INFO :: Binance Futures Client successfully initialized
2021-10-17 22:33:20,353 DEBUG :: Starting new HTTPS connection (1): testnet.bitmex.com:443
2021-10-17 22:33:22,061 DEBUG :: https://testnet.bitmex.com:443 "GET /api/v1/instrument/active HTTP/1.1" 200 None
2021-10-17 22:33:22,631 INFO :: Binance connection opened
2021-10-17 22:33:22,631 ERROR :: error from callback <bound method BinanceClient._on_open of <connectors.binance.BinanceClient object at 0x0000021241A54130>>: 'Contract' object has no attribute 'symbol'
2021-10-17 22:33:25,670 DEBUG :: Starting new HTTPS connection (1): testnet.bitmex.com:443
2021-10-17 22:33:26,851 DEBUG :: https://testnet.bitmex.com:443 "GET /api/v1/user/margin?currency=all HTTP/1.1" 200 None
2021-10-17 22:33:26,874 INFO :: Bitmex Client successfully initialized
2021-10-17 22:33:27,885 INFO :: Bitmex connection opened
